SOLD TICKETS 200 - 207
RAFFLE TICKETS 0 - 29 given to PERSON 22
BIDITEM 0 ACCEPTED for PERSON 2 at 5.00 DOLLARS
BIDITEM 0 ACCEPTED for PERSON 3 at 20.00 DOLLARS
SOLD TICKETS 208 - 217
RAFFLE TICKETS 30 - 69 given to PERSON 209
SOLD TICKETS 218 - 218
BIDITEM 1 ACCEPTED for PERSON 17 at 50.00 DOLLARS
BIDITEM 2 ACCEPTED for PERSON 5 at 30.00 DOLLARS
RAFFLE TICKETS 70 - 95 given to PERSON 123
SOLD TICKETS 219 - 221
BIDITEM 1 ACCEPTED for PERSON 16 at 65.00 DOLLARS
RAFFLE TICKETS 96 - 99 given to PERSON 211
BIDITEM 1 ACCEPTED for PERSON 17 at 70.00 DOLLARS
BIDITEM 2 ACCEPTED for PERSON 200 at 45.00 DOLLARS
BIDITEM 2 ACCEPTED for PERSON 201 at 54.00 DOLLARS
NO RAFFLE TICKETS given to PERSON 27
CLOSEAUCTION
BIDITEM 1 REJECTED for PERSON 100 at 10000.00 DOLLARS
RAFFLE 0 WON BY PERSON 22
RAFFLE 1 WON BY PERSON 211
RAFFLE 2 WON BY PERSON 209
RAFFLE 3 WON BY PERSON 123
AUCTION ITEM 0 WON BY PERSON 3 for $20.00
AUCTION ITEM 1 WON BY PERSON 17 for $70.00
AUCTION ITEM 2 WON BY PERSON 201 for $54.00
TOTALREVENUE is $3894.00
